  Assembling PF.asm...
PF.asm(47): error A2008: syntax error : Semilla
PF.asm(50): error A2008: syntax error : RangoAl
PF.asm(91): error A2008: syntax error : Salto
PF.asm(92): error A2008: syntax error : ImpPantalla_N_Ln
PF.asm(94): error A2008: syntax error : EscribirTXT
PF.asm(95): error A2008: syntax error : Salto
PF.asm(100): error A2008: syntax error : Salto
PF.asm(102): error A2008: syntax error : ImpPantalla_N_Ln
PF.asm(103): error A2008: syntax error : LeerCARACTER
PF.asm(104): error A2008: syntax error : EscribirCARACTER
PF.asm(105): error A2008: syntax error : Salto
PF.asm(107): error A2008: syntax error : ImpPantalla_N_Ln
PF.asm(109): error A2008: syntax error : EscribirCARACTER
PF.asm(111): error A2008: syntax error : Salto
PF.asm(138): error A2008: syntax error : Salto
PF.asm(139): error A2008: syntax error : ImpPantalla_N_Ln
PF.asm(141): error A2008: syntax error : EscribirTXT
PF.asm(142): error A2008: syntax error : Salto
PF.asm(144): error A2008: syntax error : Salto
PF.asm(152): error A2008: syntax error : Salto
PF.asm(160): error A2008: syntax error : Salto
PF.asm(165): error A2008: syntax error : ImpPantalla_N_Ln
PF.asm(166): error A2008: syntax error : EscribirNUM
PF.asm(167): error A2008: syntax error : Salto
PF.asm(169): error A2008: syntax error : Salto
PF.asm(176): error A2008: syntax error : Salto
PF.asm(182): error A2008: syntax error : Salto
PF.asm(183): error A2008: syntax error : ImpPantalla_N_Ln
PF.asm(185): error A2008: syntax error : EscribirTXT
PF.asm(186): error A2008: syntax error : Salto
PF.asm(192): error A2008: syntax error : Salto
PF.asm(194): error A2008: syntax error : LeeNTeclado
PF.asm(195): error A2008: syntax error : Salto
PF.asm(197): error A2008: syntax error : Salto
PF.asm(204): error A2008: syntax error : Salto
PF.asm(211): error A2008: syntax error : Salto
C:\Program Files (x86)\Microsoft Visual Studio\2019\Community\MSBuild\Microsoft\VC\v160\BuildCustomizations\masm.targets(70,5): error MSB3721: El comando "ml.exe /c /nologo /Zi /Fo"Debug\PF.obj" /Fl"PM_Practicas_4.lst" /I "C:\Irvine" /W3 /errorReport:prompt  /TaPF.asm" salió con el código 1.
