Microsoft (R) Macro Assembler Version 14.29.30133.0	    12/07/21 17:42:06
JUEGO DEL AHORCAD					     Page 1 - 1


				TITLE JUEGO DEL AHORCADO
				
				;DESCRPICIÓN 
				;Objetivo:  
				;Autore(s):
				;         Mi Equipo
				;Semestre: 8vo Semestre ISC 
				;FIN DESCRPICIÓN
				
				INCLUDE Irvine32.inc  
			      C ; Include file for Irvine32.lib             (Irvine32.inc)
			      C 
			      C ;OPTION CASEMAP:NONE		; optional: make identifiers case-sensitive
			      C 
			      C INCLUDE SmallWin.inc		; MS-Windows prototypes, structures, and constants
			      C .NOLIST
			      C .LIST
			      C 
			      C INCLUDE VirtualKeys.inc
			      C ; VirtualKeys.inc
			      C .NOLIST
			      C .LIST
			      C 
			      C 
			      C .NOLIST
			      C .LIST
			      C 
				INCLUDE MACROS.inc
			      C ImpPantalla MACRO texto
			      C 	local mensaje
			      C 	.data
			      C 		mensaje db texto,0
			      C 	.code
			      C 		push edx  ; guardo en la pila el valor
			      C 		mov edx, offset mensaje
			      C 		call writestring		
			      C 		pop edx   ;recupero el valor original de edx
			      C ENDM
			      C 
			      C ImpPantallaLn MACRO texto
			      C 	local mensaje
			      C 	.data
			      C 		mensaje db texto,0
			      C 	.code
			      C 		push edx  ; guardo en la pila el valor
			      C 		mov edx, offset mensaje
			      C 		call writestring
			      C 		call crlf
			      C 		pop edx   ;recupero el valor original de edx
			      C ENDM
			      C 
			      C Suma_V1 MACRO  ; los valores que usará el macro son almacenados en registros en el programa principal
			      C 			   ; y estos son consultados / accedidos desde el MACRO
			      C 
			      C 	; sumar a los registros ebx, ecx
			      C 
			      C 	.data
			      C 
			      C 	.code
			      C 		
			      C 		add ebx, ecx  ; el valor resultado estará en ebx
			      C 
			      C ENDM
			      C 
			      C 
			      C Suma_V2 MACRO a, b  		
			      C 	
			      C 	; sumar a los registros ebx, ecx que contendrán al valor de a y b respectivamente
			      C 	.data
			      C 
			      C 	.code
			      C 		
			      C 		push ecx ; respaldar el valor de ecx 		
			      C 
			      C 		mov ebx, a
			      C 		mov ecx, b
			      C 
			      C 		add ebx, ecx  ; el valor resultado estará en ebx
			      C 
			      C 
			      C 		pop ecx ;recupero el valor original de ecx para que el usuario lo pueda seguir utilizando sin problema
			      C ENDM
			      C 
			      C Division  MACRO Dividendo
			      C LOCAL Dividendo
			      C .code
			      C 
			      C push ebx
			      C mov ebx , Dividendo
			      C mov edx, 0
			      C div ebx
			      C 
			      C pop ebx
			      C 
			      C ENDM
			      C 
			      C divide MACRO Divisor, Dividendo
			      C .code 
			      C      mov eax, Divisor
			      C 	 Division Dividendo
			      C ENDM
			      C 
			      C 
			      C Suma_V3 MACRO a, b  				
			      C 	.data
			      C 		varA dword a
			      C 		varB dword b
			      C 
			      C 	.code
			      C 				
			      C 		mov ebx, varA		
			      C 
			      C 		add ebx, varB  ; el valor resultado estará en ebx
			      C 	
			      C ENDM
			      C 
			      C ImprimirResultado MACRO cadena, num
			      C .code
			      C ImprimirCadena cadena
			      C 
			      C PUSH eax
			      C mov eax, num
			      C call writedec
			      C pop eax
			      C ENDM
			      C 
			      C ImprimirCadena MACRO cadena
			      C LOCAL cad
			      C 
			      C .data
			      C  cad db cadena,0
			      C 
			      C .code
			      C  push edx
			      C  mov edx, offset cad
			      C  call writestring
			      C 
			      C  pop edx
			      C    
			      C ENDM
			      C ImprimirResultadoLn MACRO cadena, num
			      C .code
			      C ImprimirResultado cadena, num
			      C call crlf
			      C ENDM
			      C 
				
 00000000			.data
				; Área de Declaración de Variables
				
 00000000 50 45 52 52 4F	palabras_arreglo db "PERRO",0    ; 0
	   00
 00000006  47 41 54 4F 2D				db "GATO-",0    ; 6
	   00
 0000000C  4F 53 4F 2D 2D				db "OSO--",0    ; 12
	   00
 00000012  50 41 5A 2D 2D				db "PAZ--",0    ; 18
	   00
 00000018  46 4F 43 4F 2D				db "FOCO-",0	; 24	 
	   00
 0000001E  50 41 50 41 53				db "PAPAS",0    ; 30
	   00
 00000024  4C 41 50 49 5A				db "LAPIZ",0    ; 36
	   00
				
 0000002A 2D 00			Espacio db "-",0
 0000002C  0000000F [		palabraSeleccionada db 15 dup(0) 
	    00
	   ]
				
 0000003B 0000000A		Vidas dword 10
 0000003F 00000000		contador dword 0
 00000043 00000000		LetrasDescubiertas dword 0
 00000047 00000000		Elije dword 0
				
 0000004B  0000000F [		palabraEscondida db 15 dup(0)
	    00
	   ]
				
 00000000			.code
				
 00000000				main10 PROC	
							;Lógica del Programa		
							
							ImpPantallaLn "    JUEGO DEL AHORCADO _ _ _ _ _"
 0000005A		     1		.data
 0000005A 20 20 20 20 4A     1			??0000 db "    JUEGO DEL AHORCADO _ _ _ _ _",0
	   55 45 47 4F 20
	   44 45 4C 20 41
	   48 4F 52 43 41
	   44 4F 20 5F 20
	   5F 20 5F 20 5F
	   20 5F 00
 00000000		     1		.code
 00000000  52		     1			push edx  ; guardo en la pila el valor
 00000001  BA 0000005A R     1			mov edx, offset ??0000
 00000006  E8 00000000 E     1			call writestring
 0000000B  E8 00000000 E     1			call crlf
 00000010  5A		     1			pop edx   ;recupero el valor original de edx
							ImpPantallaLn "(X)                            O"
 0000007B		     1		.data
 0000007B 28 58 29 20 20     1			??0001 db "(X)                            O",0
	   20 20 20 20 20
	   20 20 20 20 20
	   20 20 20 20 20
	   20 20 20 20 20
	   20 20 20 20 20
	   20 4F 00
 00000011		     1		.code
 00000011  52		     1			push edx  ; guardo en la pila el valor
 00000012  BA 0000007B R     1			mov edx, offset ??0001
 00000017  E8 00000000 E     1			call writestring
 0000001C  E8 00000000 E     1			call crlf
 00000021  5A		     1			pop edx   ;recupero el valor original de edx
							ImpPantallaLn "(0J0)                         /|\"
 0000009C		     1		.data
 0000009C 28 30 4A 30 29     1			??0002 db "(0J0)                         /|\",0
	   20 20 20 20 20
	   20 20 20 20 20
	   20 20 20 20 20
	   20 20 20 20 20
	   20 20 20 20 20
	   2F 7C 5C 00
 00000022		     1		.code
 00000022  52		     1			push edx  ; guardo en la pila el valor
 00000023  BA 0000009C R     1			mov edx, offset ??0002
 00000028  E8 00000000 E     1			call writestring
 0000002D  E8 00000000 E     1			call crlf
 00000032  5A		     1			pop edx   ;recupero el valor original de edx
							ImpPantallaLn "(UwU)                          |"
 000000BE		     1		.data
 000000BE 28 55 77 55 29     1			??0003 db "(UwU)                          |",0
	   20 20 20 20 20
	   20 20 20 20 20
	   20 20 20 20 20
	   20 20 20 20 20
	   20 20 20 20 20
	   20 7C 00
 00000033		     1		.code
 00000033  52		     1			push edx  ; guardo en la pila el valor
 00000034  BA 000000BE R     1			mov edx, offset ??0003
 00000039  E8 00000000 E     1			call writestring
 0000003E  E8 00000000 E     1			call crlf
 00000043  5A		     1			pop edx   ;recupero el valor original de edx
							ImpPantallaLn "(#)                           / \"
 000000DF		     1		.data
 000000DF 28 23 29 20 20     1			??0004 db "(#)                           / \",0
	   20 20 20 20 20
	   20 20 20 20 20
	   20 20 20 20 20
	   20 20 20 20 20
	   20 20 20 20 20
	   2F 20 5C 00
 00000044		     1		.code
 00000044  52		     1			push edx  ; guardo en la pila el valor
 00000045  BA 000000DF R     1			mov edx, offset ??0004
 0000004A  E8 00000000 E     1			call writestring
 0000004F  E8 00000000 E     1			call crlf
 00000054  5A		     1			pop edx   ;recupero el valor original de edx
				
 00000055			Play:
				
							Semilla  
PF.asm(47) : error A2008:syntax error : Semilla
				
 00000055  B8 00000007					mov eax, 7     
							RangoAl 
PF.asm(50) : error A2008:syntax error : RangoAl
				
 0000005A  BB 00000006					mov ebx, 6     
 0000005F  F7 E3					mul ebx  
				
 00000061  BE 00000000 R				mov esi, offset palabras_arreglo  
 00000066  03 F0					add esi, eax  
 00000068  BF 0000002C R				mov edi, offset palabraSeleccionada
 0000006D  B9 00000006					mov ecx, 6  
				
 00000072			ciclo:				
				
 00000072  8B DF						mov ebx, edi  
 00000074  BF 0000002A R					mov edi, offset Espacio
 00000079  A6							cmpsb  	
 0000007A  74 14						jz detener   
				
 0000007C  FF 05 0000003F R						inc contador   
								
 00000082  4E								dec esi					
											
 00000083  8B FB							mov edi, ebx  
 00000085  8B C7							mov eax, edi
								
 00000087  A4								movsb 
									
 00000088  E2 E8						loop ciclo
				
 0000008A  FF 0D 0000003F R						dec contador
				
 00000090			detener:
				
 00000090  8B 0D 0000003F R					mov ecx, contador  
				
 00000096  BF 0000004B R					mov edi, offset palabraEscondida
				
 0000009B  B8 00000000						mov eax, 0
 000000A0  B0 2E						mov al, "."     
				
 000000A2  F3/ AA						rep stosb
								
							Salto
PF.asm(91) : error A2008:syntax error : Salto
							ImpPantalla_N_Ln "Palabra Escondida: "
PF.asm(92) : error A2008:syntax error : ImpPantalla_N_Ln
 000000A4  BA 0000004B R				mov edx, offset palabraEscondida
							EscribirTXT
PF.asm(94) : error A2008:syntax error : EscribirTXT
							Salto
PF.asm(95) : error A2008:syntax error : Salto
				
 000000A9			MainMenu:	
				
 000000A9  B8 00000000					mov eax, 0
							Salto
PF.asm(100) : error A2008:syntax error : Salto
				
							ImpPantalla_N_Ln "Ingresa una Letra en Mayuscula:  "
PF.asm(102) : error A2008:syntax error : ImpPantalla_N_Ln
							LeerCARACTER  
PF.asm(103) : error A2008:syntax error : LeerCARACTER
							EscribirCARACTER 
PF.asm(104) : error A2008:syntax error : EscribirCARACTER
							Salto
PF.asm(105) : error A2008:syntax error : Salto
				
							ImpPantalla_N_Ln "La Letra ingresada es: "
PF.asm(107) : error A2008:syntax error : ImpPantalla_N_Ln
							;sub al,20H
							EscribirCARACTER 
PF.asm(109) : error A2008:syntax error : EscribirCARACTER
				
							Salto
PF.asm(111) : error A2008:syntax error : Salto
				
 000000AE  BF 0000002C R				mov edi, offset palabraSeleccionada				
 000000B3  BE 0000004B R				mov esi, offset palabraEscondida  
 000000B8  8B 0D 0000003F R				mov ecx, contador
				
 000000BE			ciclo2:
				
 000000BE  46							inc esi 
 000000BF  AE							scasb  		
								
 000000C0  75 0E						jnz continuar 
				
 000000C2  4E								dec esi 
 000000C3  87 F7							xchg esi, edi
 000000C5  AA								stosb     				
 000000C6  4F								dec edi  
				
 000000C7  87 F7							xchg esi, edi 			
 000000C9  46								inc esi
									
 000000CA  FF 05 00000043 R						inc letrasdescubiertas
				
 000000D0			continuar:							
								
 000000D0  E2 EC					loop ciclo2
						
							Salto
PF.asm(138) : error A2008:syntax error : Salto
							ImpPantalla_N_Ln "Palabra Escondida: "
PF.asm(139) : error A2008:syntax error : ImpPantalla_N_Ln
 000000D2  BA 0000004B R				mov edx, offset palabraEscondida
							EscribirTXT
PF.asm(141) : error A2008:syntax error : EscribirTXT
							Salto
PF.asm(142) : error A2008:syntax error : Salto
 000000D7  EB 00					jmp Comparar
							Salto
PF.asm(144) : error A2008:syntax error : Salto
							
 000000D9			Comparar:
 000000D9  8B 0D 00000043 R					mov ecx,LetrasDescubiertas
 000000DF  39 0D 0000003F R					cmp contador,ecx
 000000E5  74 02						jz esigual
 000000E7  75 57						jnz noesigual
 000000E9							esigual:
									Salto
PF.asm(152) : error A2008:syntax error : Salto
									ImpPantallaLn "    (UwU)  GANASTE!!! (UwU)"
 00000101		     1		.data
 00000101 20 20 20 20 28     1			??0005 db "    (UwU)  GANASTE!!! (UwU)",0
	   55 77 55 29 20
	   20 47 41 4E 41
	   53 54 45 21 21
	   21 20 28 55 77
	   55 29 00
 000000E9		     1		.code
 000000E9  52		     1			push edx  ; guardo en la pila el valor
 000000EA  BA 00000101 R     1			mov edx, offset ??0005
 000000EF  E8 00000000 E     1			call writestring
 000000F4  E8 00000000 E     1			call crlf
 000000F9  5A		     1			pop edx   ;recupero el valor original de edx
									
									ImpPantallaLn "              \O/"
 0000011D		     1		.data
 0000011D 20 20 20 20 20     1			??0006 db "              \O/",0
	   20 20 20 20 20
	   20 20 20 20 5C
	   4F 2F 00
 000000FA		     1		.code
 000000FA  52		     1			push edx  ; guardo en la pila el valor
 000000FB  BA 0000011D R     1			mov edx, offset ??0006
 00000100  E8 00000000 E     1			call writestring
 00000105  E8 00000000 E     1			call crlf
 0000010A  5A		     1			pop edx   ;recupero el valor original de edx
									ImpPantallaLn "               |"
 0000012F		     1		.data
 0000012F 20 20 20 20 20     1			??0007 db "               |",0
	   20 20 20 20 20
	   20 20 20 20 20
	   7C 00
 0000010B		     1		.code
 0000010B  52		     1			push edx  ; guardo en la pila el valor
 0000010C  BA 0000012F R     1			mov edx, offset ??0007
 00000111  E8 00000000 E     1			call writestring
 00000116  E8 00000000 E     1			call crlf
 0000011B  5A		     1			pop edx   ;recupero el valor original de edx
									ImpPantallaLn "               |"
 00000140		     1		.data
 00000140 20 20 20 20 20     1			??0008 db "               |",0
	   20 20 20 20 20
	   20 20 20 20 20
	   7C 00
 0000011C		     1		.code
 0000011C  52		     1			push edx  ; guardo en la pila el valor
 0000011D  BA 00000140 R     1			mov edx, offset ??0008
 00000122  E8 00000000 E     1			call writestring
 00000127  E8 00000000 E     1			call crlf
 0000012C  5A		     1			pop edx   ;recupero el valor original de edx
									ImpPantallaLn "              / \"
 00000151		     1		.data
 00000151 20 20 20 20 20     1			??0009 db "              / \",0
	   20 20 20 20 20
	   20 20 20 20 2F
	   20 5C 00
 0000012D		     1		.code
 0000012D  52		     1			push edx  ; guardo en la pila el valor
 0000012E  BA 00000151 R     1			mov edx, offset ??0009
 00000133  E8 00000000 E     1			call writestring
 00000138  E8 00000000 E     1			call crlf
 0000013D  5A		     1			pop edx   ;recupero el valor original de edx
 0000013E  EB 79							jmp Reintentar
									Salto
PF.asm(160) : error A2008:syntax error : Salto
									
 00000140			noesigual:
 00000140  FF 0D 0000003B R						dec vidas
 00000146  A1 0000003B R						mov eax,vidas
									ImpPantalla_N_Ln "VIDA #"
PF.asm(165) : error A2008:syntax error : ImpPantalla_N_Ln
									EscribirNUM
PF.asm(166) : error A2008:syntax error : EscribirNUM
									Salto
PF.asm(167) : error A2008:syntax error : Salto
 0000014B  EB 00							jmp Fin
									Salto
PF.asm(169) : error A2008:syntax error : Salto
							
 0000014D			Fin:
 0000014D  83 3D 0000003B R						cmp vidas,0
	   00
 00000154  74 02							jz sale
 00000156  75 5C							jnz continua
 00000158								sale:
										Salto
PF.asm(176) : error A2008:syntax error : Salto
										ImpPantallaLn " (X) FIN DEL JUEGO ! PERDISTE (X)"
 00000163		     1		.data
 00000163 20 28 58 29 20     1			??000A db " (X) FIN DEL JUEGO ! PERDISTE (X)",0
	   46 49 4E 20 44
	   45 4C 20 4A 55
	   45 47 4F 20 21
	   20 50 45 52 44
	   49 53 54 45 20
	   28 58 29 00
 00000158		     1		.code
 00000158  52		     1			push edx  ; guardo en la pila el valor
 00000159  BA 00000163 R     1			mov edx, offset ??000A
 0000015E  E8 00000000 E     1			call writestring
 00000163  E8 00000000 E     1			call crlf
 00000168  5A		     1			pop edx   ;recupero el valor original de edx
										ImpPantallaLn "                _"
 00000185		     1		.data
 00000185 20 20 20 20 20     1			??000B db "                _",0
	   20 20 20 20 20
	   20 20 20 20 20
	   20 5F 00
 00000169		     1		.code
 00000169  52		     1			push edx  ; guardo en la pila el valor
 0000016A  BA 00000185 R     1			mov edx, offset ??000B
 0000016F  E8 00000000 E     1			call writestring
 00000174  E8 00000000 E     1			call crlf
 00000179  5A		     1			pop edx   ;recupero el valor original de edx
										ImpPantallaLn "               /|\"
 00000197		     1		.data
 00000197 20 20 20 20 20     1			??000C db "               /|\",0
	   20 20 20 20 20
	   20 20 20 20 20
	   2F 7C 5C 00
 0000017A		     1		.code
 0000017A  52		     1			push edx  ; guardo en la pila el valor
 0000017B  BA 00000197 R     1			mov edx, offset ??000C
 00000180  E8 00000000 E     1			call writestring
 00000185  E8 00000000 E     1			call crlf
 0000018A  5A		     1			pop edx   ;recupero el valor original de edx
										ImpPantallaLn "                |"
 000001AA		     1		.data
 000001AA 20 20 20 20 20     1			??000D db "                |",0
	   20 20 20 20 20
	   20 20 20 20 20
	   20 7C 00
 0000018B		     1		.code
 0000018B  52		     1			push edx  ; guardo en la pila el valor
 0000018C  BA 000001AA R     1			mov edx, offset ??000D
 00000191  E8 00000000 E     1			call writestring
 00000196  E8 00000000 E     1			call crlf
 0000019B  5A		     1			pop edx   ;recupero el valor original de edx
										ImpPantallaLn "               \ /"
 000001BC		     1		.data
 000001BC 20 20 20 20 20     1			??000E db "               \ /",0
	   20 20 20 20 20
	   20 20 20 20 20
	   5C 20 2F 00
 0000019C		     1		.code
 0000019C  52		     1			push edx  ; guardo en la pila el valor
 0000019D  BA 000001BC R     1			mov edx, offset ??000E
 000001A2  E8 00000000 E     1			call writestring
 000001A7  E8 00000000 E     1			call crlf
 000001AC  5A		     1			pop edx   ;recupero el valor original de edx
										Salto
PF.asm(182) : error A2008:syntax error : Salto
										ImpPantalla_N_Ln "La Palabra Era: "
PF.asm(183) : error A2008:syntax error : ImpPantalla_N_Ln
 000001AD  BA 0000002C R							mov edx, offset palabraSeleccionada
										EscribirTXT
PF.asm(185) : error A2008:syntax error : EscribirTXT
										Salto
PF.asm(186) : error A2008:syntax error : Salto
 000001B2  EB 05								jmp Reintentar
 000001B4								continua:
 000001B4  E9 FFFFFEF0								jmp MainMenu
				
 000001B9			Reintentar:
									Salto
PF.asm(192) : error A2008:syntax error : Salto
									ImpPantalla "Quieres Volver a Jugar??? (SI: 0 / NO: 1): "
 000001CF		     1		.data
 000001CF 51 75 69 65 72     1			??000F db "Quieres Volver a Jugar??? (SI: 0 / NO: 1): ",0
	   65 73 20 56 6F
	   6C 76 65 72 20
	   61 20 4A 75 67
	   61 72 3F 3F 3F
	   20 28 53 49 3A
	   20 30 20 2F 20
	   4E 4F 3A 20 31
	   29 3A 20 00
 000001B9		     1		.code
 000001B9  52		     1			push edx  ; guardo en la pila el valor
 000001BA  BA 000001CF R     1			mov edx, offset ??000F
 000001BF  E8 00000000 E     1			call writestring		
 000001C4  5A		     1			pop edx   ;recupero el valor original de edx
									LeeNTeclado
PF.asm(194) : error A2008:syntax error : LeeNTeclado
									Salto
PF.asm(195) : error A2008:syntax error : Salto
 000001C5  A3 00000047 R						mov Elije, eax
									Salto
PF.asm(197) : error A2008:syntax error : Salto
 000001CA  83 3D 00000047 R						cmp Elije,0
	   00
 000001D1  74 02							jz Jugar
 000001D3  EB 3E							jmp Salir
				
 000001D5			Jugar:
								ImpPantallaLn "(0J0) -NUEVA PARTIDA- (0J0)"
 000001FB		     1		.data
 000001FB 28 30 4A 30 29     1			??0010 db "(0J0) -NUEVA PARTIDA- (0J0)",0
	   20 2D 4E 55 45
	   56 41 20 50 41
	   52 54 49 44 41
	   2D 20 28 30 4A
	   30 29 00
 000001D5		     1		.code
 000001D5  52		     1			push edx  ; guardo en la pila el valor
 000001D6  BA 000001FB R     1			mov edx, offset ??0010
 000001DB  E8 00000000 E     1			call writestring
 000001E0  E8 00000000 E     1			call crlf
 000001E5  5A		     1			pop edx   ;recupero el valor original de edx
								Salto
PF.asm(204) : error A2008:syntax error : Salto
 000001E6  C7 05 0000003B R					mov Vidas,10
	   0000000A
 000001F0  C7 05 0000003F R					mov contador,0
	   00000000
 000001FA  C7 05 00000043 R					mov LetrasDescubiertas,0
	   00000000
 00000204  C7 05 00000047 R					mov Elije,0
	   00000000
 0000020E  E9 FFFFFE42					    jmp Play
				
							Salto
PF.asm(211) : error A2008:syntax error : Salto
				
 00000213					Salir:
						  exit	
				
 0000021A				main10 ENDP
					END main10
Microsoft (R) Macro Assembler Version 14.29.30133.0	    12/07/21 17:42:06
JUEGO DEL AHORCAD					     Symbols 2 - 1




Macros:

                N a m e                 Type

Division . . . . . . . . . . . .	Proc
ImpPantallaLn  . . . . . . . . .	Proc
ImpPantalla  . . . . . . . . . .	Proc
ImprimirCadena . . . . . . . . .	Proc
ImprimirResultadoLn  . . . . . .	Proc
ImprimirResultado  . . . . . . .	Proc
Suma_V1  . . . . . . . . . . . .	Proc
Suma_V2  . . . . . . . . . . . .	Proc
Suma_V3  . . . . . . . . . . . .	Proc
divide . . . . . . . . . . . . .	Proc


Structures and Unions:

                N a m e                  Size
                                         Offset      Type

CONSOLE_CURSOR_INFO  . . . . . .	 00000008
  dwSize . . . . . . . . . . . .	 00000000	 DWord
  bVisible . . . . . . . . . . .	 00000004	 DWord
CONSOLE_SCREEN_BUFFER_INFO . . .	 00000016
  dwSize . . . . . . . . . . . .	 00000000	 DWord
  dwCursorPosition . . . . . . .	 00000004	 DWord
  wAttributes  . . . . . . . . .	 00000008	 Word
  srWindow . . . . . . . . . . .	 0000000A	 QWord
  dwMaximumWindowSize  . . . . .	 00000012	 DWord
COORD  . . . . . . . . . . . . .	 00000004
  X  . . . . . . . . . . . . . .	 00000000	 Word
  Y  . . . . . . . . . . . . . .	 00000002	 Word
FILETIME . . . . . . . . . . . .	 00000008
  loDateTime . . . . . . . . . .	 00000000	 DWord
  hiDateTime . . . . . . . . . .	 00000004	 DWord
FOCUS_EVENT_RECORD . . . . . . .	 00000004
  bSetFocus  . . . . . . . . . .	 00000000	 DWord
FPU_ENVIRON  . . . . . . . . . .	 0000001C
  controlWord  . . . . . . . . .	 00000000	 Word
  statusWord . . . . . . . . . .	 00000004	 Word
  tagWord  . . . . . . . . . . .	 00000008	 Word
  instrPointerOffset . . . . . .	 0000000C	 DWord
  instrPointerSelector . . . . .	 00000010	 DWord
  operandPointerOffset . . . . .	 00000014	 DWord
  operandPointerSelector . . . .	 00000018	 Word
INPUT_RECORD . . . . . . . . . .	 00000014
  EventType  . . . . . . . . . .	 00000000	 Word
  Event  . . . . . . . . . . . .	 00000004	 XmmWord
  bKeyDown . . . . . . . . . . .	 00000000	 DWord
  wRepeatCount . . . . . . . . .	 00000004	 Word
  wVirtualKeyCode  . . . . . . .	 00000006	 Word
  wVirtualScanCode . . . . . . .	 00000008	 Word
  uChar  . . . . . . . . . . . .	 0000000A	 Word
  UnicodeChar  . . . . . . . . .	 00000000	 Word
  AsciiChar  . . . . . . . . . .	 00000000	 Byte
  dwControlKeyState  . . . . . .	 0000000C	 DWord
  dwMousePosition  . . . . . . .	 00000000	 DWord
  dwButtonState  . . . . . . . .	 00000004	 DWord
  dwMouseControlKeyState . . . .	 00000008	 DWord
  dwEventFlags . . . . . . . . .	 0000000C	 DWord
  dwSize . . . . . . . . . . . .	 00000000	 DWord
  dwCommandId  . . . . . . . . .	 00000000	 DWord
  bSetFocus  . . . . . . . . . .	 00000000	 DWord
KEY_EVENT_RECORD . . . . . . . .	 00000010
  bKeyDown . . . . . . . . . . .	 00000000	 DWord
  wRepeatCount . . . . . . . . .	 00000004	 Word
  wVirtualKeyCode  . . . . . . .	 00000006	 Word
  wVirtualScanCode . . . . . . .	 00000008	 Word
  uChar  . . . . . . . . . . . .	 0000000A	 Word
  UnicodeChar  . . . . . . . . .	 00000000	 Word
  AsciiChar  . . . . . . . . . .	 00000000	 Byte
  dwControlKeyState  . . . . . .	 0000000C	 DWord
MENU_EVENT_RECORD  . . . . . . .	 00000004
  dwCommandId  . . . . . . . . .	 00000000	 DWord
MOUSE_EVENT_RECORD . . . . . . .	 00000010
  dwMousePosition  . . . . . . .	 00000000	 DWord
  dwButtonState  . . . . . . . .	 00000004	 DWord
  dwMouseControlKeyState . . . .	 00000008	 DWord
  dwEventFlags . . . . . . . . .	 0000000C	 DWord
SMALL_RECT . . . . . . . . . . .	 00000008
  Left . . . . . . . . . . . . .	 00000000	 Word
  Top  . . . . . . . . . . . . .	 00000002	 Word
  Right  . . . . . . . . . . . .	 00000004	 Word
  Bottom . . . . . . . . . . . .	 00000006	 Word
SYSTEMTIME . . . . . . . . . . .	 00000010
  wYear  . . . . . . . . . . . .	 00000000	 Word
  wMonth . . . . . . . . . . . .	 00000002	 Word
  wDayOfWeek . . . . . . . . . .	 00000004	 Word
  wDay . . . . . . . . . . . . .	 00000006	 Word
  wHour  . . . . . . . . . . . .	 00000008	 Word
  wMinute  . . . . . . . . . . .	 0000000A	 Word
  wSecond  . . . . . . . . . . .	 0000000C	 Word
  wMilliseconds  . . . . . . . .	 0000000E	 Word
WINDOW_BUFFER_SIZE_RECORD  . . .	 00000004
  dwSize . . . . . . . . . . . .	 00000000	 DWord


Segments and Groups:

                N a m e                 Size     Length   Align   Combine Class

FLAT . . . . . . . . . . . . . .	GROUP
STACK  . . . . . . . . . . . . .	32 Bit	 00001000 Para	  Stack	  'STACK'	 
_DATA  . . . . . . . . . . . . .	32 Bit	 00000217 Para	  Public  'DATA'	
_TEXT  . . . . . . . . . . . . .	32 Bit	 0000021A Para	  Public  'CODE'	


Procedures, parameters, and locals:

                N a m e                 Type     Value    Attr

CloseFile  . . . . . . . . . . .	P Near	 00000000 FLAT	Length= 00000000 External STDCALL
CloseHandle  . . . . . . . . . .	P Near	 00000000 FLAT	Length= 00000000 External STDCALL
Clrscr . . . . . . . . . . . . .	P Near	 00000000 FLAT	Length= 00000000 External STDCALL
CreateFileA  . . . . . . . . . .	P Near	 00000000 FLAT	Length= 00000000 External STDCALL
CreateOutputFile . . . . . . . .	P Near	 00000000 FLAT	Length= 00000000 External STDCALL
Crlf . . . . . . . . . . . . . .	P Near	 00000000 FLAT	Length= 00000000 External STDCALL
Delay  . . . . . . . . . . . . .	P Near	 00000000 FLAT	Length= 00000000 External STDCALL
DumpMem  . . . . . . . . . . . .	P Near	 00000000 FLAT	Length= 00000000 External STDCALL
DumpRegs . . . . . . . . . . . .	P Near	 00000000 FLAT	Length= 00000000 External STDCALL
ExitProcess  . . . . . . . . . .	P Near	 00000000 FLAT	Length= 00000000 External STDCALL
FileTimeToDosDateTime  . . . . .	P Near	 00000000 FLAT	Length= 00000000 External STDCALL
FileTimeToSystemTime . . . . . .	P Near	 00000000 FLAT	Length= 00000000 External STDCALL
FlushConsoleInputBuffer  . . . .	P Near	 00000000 FLAT	Length= 00000000 External STDCALL
FormatMessageA . . . . . . . . .	P Near	 00000000 FLAT	Length= 00000000 External STDCALL
GetCommandLineA  . . . . . . . .	P Near	 00000000 FLAT	Length= 00000000 External STDCALL
GetCommandTail . . . . . . . . .	P Near	 00000000 FLAT	Length= 00000000 External STDCALL
GetConsoleCP . . . . . . . . . .	P Near	 00000000 FLAT	Length= 00000000 External STDCALL
GetConsoleCursorInfo . . . . . .	P Near	 00000000 FLAT	Length= 00000000 External STDCALL
GetConsoleMode . . . . . . . . .	P Near	 00000000 FLAT	Length= 00000000 External STDCALL
GetConsoleScreenBufferInfo . . .	P Near	 00000000 FLAT	Length= 00000000 External STDCALL
GetDateTime  . . . . . . . . . .	P Near	 00000000 FLAT	Length= 00000000 External STDCALL
GetFileTime  . . . . . . . . . .	P Near	 00000000 FLAT	Length= 00000000 External STDCALL
GetKeyState  . . . . . . . . . .	P Near	 00000000 FLAT	Length= 00000000 External STDCALL
GetLastError . . . . . . . . . .	P Near	 00000000 FLAT	Length= 00000000 External STDCALL
GetLocalTime . . . . . . . . . .	P Near	 00000000 FLAT	Length= 00000000 External STDCALL
GetMaxXY . . . . . . . . . . . .	P Near	 00000000 FLAT	Length= 00000000 External STDCALL
GetMseconds  . . . . . . . . . .	P Near	 00000000 FLAT	Length= 00000000 External STDCALL
GetNumberOfConsoleInputEvents  .	P Near	 00000000 FLAT	Length= 00000000 External STDCALL
GetProcessHeap . . . . . . . . .	P Near	 00000000 FLAT	Length= 00000000 External STDCALL
GetStdHandle . . . . . . . . . .	P Near	 00000000 FLAT	Length= 00000000 External STDCALL
GetSystemTime  . . . . . . . . .	P Near	 00000000 FLAT	Length= 00000000 External STDCALL
GetTextColor . . . . . . . . . .	P Near	 00000000 FLAT	Length= 00000000 External STDCALL
GetTickCount . . . . . . . . . .	P Near	 00000000 FLAT	Length= 00000000 External STDCALL
Gotoxy . . . . . . . . . . . . .	P Near	 00000000 FLAT	Length= 00000000 External STDCALL
HeapAlloc  . . . . . . . . . . .	P Near	 00000000 FLAT	Length= 00000000 External STDCALL
HeapCreate . . . . . . . . . . .	P Near	 00000000 FLAT	Length= 00000000 External STDCALL
HeapDestroy  . . . . . . . . . .	P Near	 00000000 FLAT	Length= 00000000 External STDCALL
HeapFree . . . . . . . . . . . .	P Near	 00000000 FLAT	Length= 00000000 External STDCALL
HeapSize . . . . . . . . . . . .	P Near	 00000000 FLAT	Length= 00000000 External STDCALL
IsDigit  . . . . . . . . . . . .	P Near	 00000000 FLAT	Length= 00000000 External STDCALL
LocalFree  . . . . . . . . . . .	P Near	 00000000 FLAT	Length= 00000000 External STDCALL
MessageBoxA  . . . . . . . . . .	P Near	 00000000 FLAT	Length= 00000000 External STDCALL
MsgBoxAsk  . . . . . . . . . . .	P Near	 00000000 FLAT	Length= 00000000 External STDCALL
MsgBox . . . . . . . . . . . . .	P Near	 00000000 FLAT	Length= 00000000 External STDCALL
OpenInputFile  . . . . . . . . .	P Near	 00000000 FLAT	Length= 00000000 External STDCALL
ParseDecimal32 . . . . . . . . .	P Near	 00000000 FLAT	Length= 00000000 External STDCALL
ParseInteger32 . . . . . . . . .	P Near	 00000000 FLAT	Length= 00000000 External STDCALL
PeekConsoleInputA  . . . . . . .	P Near	 00000000 FLAT	Length= 00000000 External STDCALL
Random32 . . . . . . . . . . . .	P Near	 00000000 FLAT	Length= 00000000 External STDCALL
RandomRange  . . . . . . . . . .	P Near	 00000000 FLAT	Length= 00000000 External STDCALL
Randomize  . . . . . . . . . . .	P Near	 00000000 FLAT	Length= 00000000 External STDCALL
ReadChar . . . . . . . . . . . .	P Near	 00000000 FLAT	Length= 00000000 External STDCALL
ReadConsoleA . . . . . . . . . .	P Near	 00000000 FLAT	Length= 00000000 External STDCALL
ReadConsoleInputA  . . . . . . .	P Near	 00000000 FLAT	Length= 00000000 External STDCALL
ReadDec  . . . . . . . . . . . .	P Near	 00000000 FLAT	Length= 00000000 External STDCALL
ReadFile . . . . . . . . . . . .	P Near	 00000000 FLAT	Length= 00000000 External STDCALL
ReadFloat  . . . . . . . . . . .	P Near	 00000000 FLAT	Length= 00000000 External STDCALL
ReadFromFile . . . . . . . . . .	P Near	 00000000 FLAT	Length= 00000000 External STDCALL
ReadHex  . . . . . . . . . . . .	P Near	 00000000 FLAT	Length= 00000000 External STDCALL
ReadInt  . . . . . . . . . . . .	P Near	 00000000 FLAT	Length= 00000000 External STDCALL
ReadKeyFlush . . . . . . . . . .	P Near	 00000000 FLAT	Length= 00000000 External STDCALL
ReadKey  . . . . . . . . . . . .	P Near	 00000000 FLAT	Length= 00000000 External STDCALL
ReadString . . . . . . . . . . .	P Near	 00000000 FLAT	Length= 00000000 External STDCALL
SetConsoleCursorInfo . . . . . .	P Near	 00000000 FLAT	Length= 00000000 External STDCALL
SetConsoleCursorPosition . . . .	P Near	 00000000 FLAT	Length= 00000000 External STDCALL
SetConsoleMode . . . . . . . . .	P Near	 00000000 FLAT	Length= 00000000 External STDCALL
SetConsoleScreenBufferSize . . .	P Near	 00000000 FLAT	Length= 00000000 External STDCALL
SetConsoleTextAttribute  . . . .	P Near	 00000000 FLAT	Length= 00000000 External STDCALL
SetConsoleTitleA . . . . . . . .	P Near	 00000000 FLAT	Length= 00000000 External STDCALL
SetConsoleWindowInfo . . . . . .	P Near	 00000000 FLAT	Length= 00000000 External STDCALL
SetFilePointer . . . . . . . . .	P Near	 00000000 FLAT	Length= 00000000 External STDCALL
SetLocalTime . . . . . . . . . .	P Near	 00000000 FLAT	Length= 00000000 External STDCALL
SetTextColor . . . . . . . . . .	P Near	 00000000 FLAT	Length= 00000000 External STDCALL
ShowFPUStack . . . . . . . . . .	P Near	 00000000 FLAT	Length= 00000000 External STDCALL
Sleep  . . . . . . . . . . . . .	P Near	 00000000 FLAT	Length= 00000000 External STDCALL
StrLength  . . . . . . . . . . .	P Near	 00000000 FLAT	Length= 00000000 External STDCALL
Str_compare  . . . . . . . . . .	P Near	 00000000 FLAT	Length= 00000000 External STDCALL
Str_copy . . . . . . . . . . . .	P Near	 00000000 FLAT	Length= 00000000 External STDCALL
Str_length . . . . . . . . . . .	P Near	 00000000 FLAT	Length= 00000000 External STDCALL
Str_trim . . . . . . . . . . . .	P Near	 00000000 FLAT	Length= 00000000 External STDCALL
Str_ucase  . . . . . . . . . . .	P Near	 00000000 FLAT	Length= 00000000 External STDCALL
SystemTimeToFileTime . . . . . .	P Near	 00000000 FLAT	Length= 00000000 External STDCALL
WaitMsg  . . . . . . . . . . . .	P Near	 00000000 FLAT	Length= 00000000 External STDCALL
WriteBinB  . . . . . . . . . . .	P Near	 00000000 FLAT	Length= 00000000 External STDCALL
WriteBin . . . . . . . . . . . .	P Near	 00000000 FLAT	Length= 00000000 External STDCALL
WriteChar  . . . . . . . . . . .	P Near	 00000000 FLAT	Length= 00000000 External STDCALL
WriteConsoleA  . . . . . . . . .	P Near	 00000000 FLAT	Length= 00000000 External STDCALL
WriteConsoleOutputAttribute  . .	P Near	 00000000 FLAT	Length= 00000000 External STDCALL
WriteConsoleOutputCharacterA . .	P Near	 00000000 FLAT	Length= 00000000 External STDCALL
WriteDec . . . . . . . . . . . .	P Near	 00000000 FLAT	Length= 00000000 External STDCALL
WriteFile  . . . . . . . . . . .	P Near	 00000000 FLAT	Length= 00000000 External STDCALL
WriteFloat . . . . . . . . . . .	P Near	 00000000 FLAT	Length= 00000000 External STDCALL
WriteHexB  . . . . . . . . . . .	P Near	 00000000 FLAT	Length= 00000000 External STDCALL
WriteHex . . . . . . . . . . . .	P Near	 00000000 FLAT	Length= 00000000 External STDCALL
WriteInt . . . . . . . . . . . .	P Near	 00000000 FLAT	Length= 00000000 External STDCALL
WriteStackFrameName  . . . . . .	P Near	 00000000 FLAT	Length= 00000000 External STDCALL
WriteStackFrame  . . . . . . . .	P Near	 00000000 FLAT	Length= 00000000 External STDCALL
WriteString  . . . . . . . . . .	P Near	 00000000 FLAT	Length= 00000000 External STDCALL
WriteToFile  . . . . . . . . . .	P Near	 00000000 FLAT	Length= 00000000 External STDCALL
WriteWindowsMsg  . . . . . . . .	P Near	 00000000 FLAT	Length= 00000000 External STDCALL
main10 . . . . . . . . . . . . .	P Near	 00000000 _TEXT	Length= 0000021A Public STDCALL
  Play . . . . . . . . . . . . .	L Near	 00000055 _TEXT	
  ciclo  . . . . . . . . . . . .	L Near	 00000072 _TEXT	
  detener  . . . . . . . . . . .	L Near	 00000090 _TEXT	
  MainMenu . . . . . . . . . . .	L Near	 000000A9 _TEXT	
  ciclo2 . . . . . . . . . . . .	L Near	 000000BE _TEXT	
  continuar  . . . . . . . . . .	L Near	 000000D0 _TEXT	
  Comparar . . . . . . . . . . .	L Near	 000000D9 _TEXT	
  esigual  . . . . . . . . . . .	L Near	 000000E9 _TEXT	
  noesigual  . . . . . . . . . .	L Near	 00000140 _TEXT	
  Fin  . . . . . . . . . . . . .	L Near	 0000014D _TEXT	
  sale . . . . . . . . . . . . .	L Near	 00000158 _TEXT	
  continua . . . . . . . . . . .	L Near	 000001B4 _TEXT	
  Reintentar . . . . . . . . . .	L Near	 000001B9 _TEXT	
  Jugar  . . . . . . . . . . . .	L Near	 000001D5 _TEXT	
  Salir  . . . . . . . . . . . .	L Near	 00000213 _TEXT	
printf . . . . . . . . . . . . .	P Near	 00000000 FLAT	Length= 00000000 External C
scanf  . . . . . . . . . . . . .	P Near	 00000000 FLAT	Length= 00000000 External C
wsprintfA  . . . . . . . . . . .	P Near	 00000000 FLAT	Length= 00000000 External C


Symbols:

                N a m e                 Type     Value    Attr

??0000 . . . . . . . . . . . . .	Byte	 0000005A _DATA	
??0001 . . . . . . . . . . . . .	Byte	 0000007B _DATA	
??0002 . . . . . . . . . . . . .	Byte	 0000009C _DATA	
??0003 . . . . . . . . . . . . .	Byte	 000000BE _DATA	
??0004 . . . . . . . . . . . . .	Byte	 000000DF _DATA	
??0005 . . . . . . . . . . . . .	Byte	 00000101 _DATA	
??0006 . . . . . . . . . . . . .	Byte	 0000011D _DATA	
??0007 . . . . . . . . . . . . .	Byte	 0000012F _DATA	
??0008 . . . . . . . . . . . . .	Byte	 00000140 _DATA	
??0009 . . . . . . . . . . . . .	Byte	 00000151 _DATA	
??000A . . . . . . . . . . . . .	Byte	 00000163 _DATA	
??000B . . . . . . . . . . . . .	Byte	 00000185 _DATA	
??000C . . . . . . . . . . . . .	Byte	 00000197 _DATA	
??000D . . . . . . . . . . . . .	Byte	 000001AA _DATA	
??000E . . . . . . . . . . . . .	Byte	 000001BC _DATA	
??000F . . . . . . . . . . . . .	Byte	 000001CF _DATA	
??0010 . . . . . . . . . . . . .	Byte	 000001FB _DATA	
@CodeSize  . . . . . . . . . . .	Number	 00000000h   
@DataSize  . . . . . . . . . . .	Number	 00000000h   
@Interface . . . . . . . . . . .	Number	 00000003h   
@Model . . . . . . . . . . . . .	Number	 00000007h   
@code  . . . . . . . . . . . . .	Text   	 _TEXT
@data  . . . . . . . . . . . . .	Text   	 FLAT
@fardata?  . . . . . . . . . . .	Text   	 FLAT
@fardata . . . . . . . . . . . .	Text   	 FLAT
@stack . . . . . . . . . . . . .	Text   	 FLAT
ALT_MASK . . . . . . . . . . . .	Number	 00000003h   
CAPSLOCK_ON  . . . . . . . . . .	Number	 00000080h   
CREATE_ALWAYS  . . . . . . . . .	Number	 00000002h   
CREATE_NEW . . . . . . . . . . .	Number	 00000001h   
CTRL_MASK  . . . . . . . . . . .	Number	 0000000Ch   
CreateFile . . . . . . . . . . .	Text   	 CreateFileA
DO_NOT_SHARE . . . . . . . . . .	Number	 00000000h   
ENABLE_ECHO_INPUT  . . . . . . .	Number	 00000004h   
ENABLE_LINE_INPUT  . . . . . . .	Number	 00000002h   
ENABLE_MOUSE_INPUT . . . . . . .	Number	 00000010h   
ENABLE_PROCESSED_INPUT . . . . .	Number	 00000001h   
ENABLE_PROCESSED_OUTPUT  . . . .	Number	 00000001h   
ENABLE_WINDOW_INPUT  . . . . . .	Number	 00000008h   
ENABLE_WRAP_AT_EOL_OUTPUT  . . .	Number	 00000002h   
ENHANCED_KEY . . . . . . . . . .	Number	 00000100h   
Elije  . . . . . . . . . . . . .	DWord	 00000047 _DATA	
Espacio  . . . . . . . . . . . .	Byte	 0000002A _DATA	
FALSE  . . . . . . . . . . . . .	Number	 00000000h   
FILE_APPEND_DATA . . . . . . . .	Number	 00000004h   
FILE_ATTRIBUTE_ARCHIVE . . . . .	Number	 00000020h   
FILE_ATTRIBUTE_COMPRESSED  . . .	Number	 00000800h   
FILE_ATTRIBUTE_DEVICE  . . . . .	Number	 00000040h   
FILE_ATTRIBUTE_DIRECTORY . . . .	Number	 00000010h   
FILE_ATTRIBUTE_ENCRYPTED . . . .	Number	 00004000h   
FILE_ATTRIBUTE_HIDDEN  . . . . .	Number	 00000002h   
FILE_ATTRIBUTE_NORMAL  . . . . .	Number	 00000080h   
FILE_ATTRIBUTE_NOT_CONTENT_INDEXED .	Number	 00002000h   
FILE_ATTRIBUTE_OFFLINE . . . . .	Number	 00001000h   
FILE_ATTRIBUTE_READONLY  . . . .	Number	 00000001h   
FILE_ATTRIBUTE_REPARSE_POINT . .	Number	 00000400h   
FILE_ATTRIBUTE_SPARSE_FILE . . .	Number	 00000200h   
FILE_ATTRIBUTE_SYSTEM  . . . . .	Number	 00000004h   
FILE_ATTRIBUTE_TEMPORARY . . . .	Number	 00000100h   
FILE_BEGIN . . . . . . . . . . .	Number	 00000000h   
FILE_CURRENT . . . . . . . . . .	Number	 00000001h   
FILE_DELETE_CHILD  . . . . . . .	Number	 00000040h   
FILE_END . . . . . . . . . . . .	Number	 00000002h   
FILE_READ_DATA . . . . . . . . .	Number	 00000001h   
FILE_SHARE_DELETE  . . . . . . .	Number	 00000004h   
FILE_SHARE_READ  . . . . . . . .	Number	 00000001h   
FILE_SHARE_WRITE . . . . . . . .	Number	 00000002h   
FILE_WRITE_DATA  . . . . . . . .	Number	 00000002h   
FOCUS_EVENT  . . . . . . . . . .	Number	 00000010h   
FORMAT_MESSAGE_ALLOCATE_BUFFER .	Number	 00000100h   
FORMAT_MESSAGE_FROM_SYSTEM . . .	Number	 00001000h   
FormatMessage  . . . . . . . . .	Text   	 FormatMessageA
GENERIC_ALL  . . . . . . . . . .	Number	 10000000h   
GENERIC_EXECUTE  . . . . . . . .	Number	 20000000h   
GENERIC_READ . . . . . . . . . .	Number	 -80000000h   
GENERIC_WRITE  . . . . . . . . .	Number	 40000000h   
GetCommandLine . . . . . . . . .	Text   	 GetCommandLineA
HANDLE . . . . . . . . . . . . .	Text   	 DWORD
HEAP_GENERATE_EXCEPTIONS . . . .	Number	 00000004h   
HEAP_GROWABLE  . . . . . . . . .	Number	 00000002h   
HEAP_NO_SERIALIZE  . . . . . . .	Number	 00000001h   
HEAP_REALLOC_IN_PLACE_ONLY . . .	Number	 00000010h   
HEAP_ZERO_MEMORY . . . . . . . .	Number	 00000008h   
IDABORT  . . . . . . . . . . . .	Number	 00000003h   
IDCANCEL . . . . . . . . . . . .	Number	 00000002h   
IDCLOSE  . . . . . . . . . . . .	Number	 00000008h   
IDCONTINUE . . . . . . . . . . .	Number	 0000000Bh   
IDHELP . . . . . . . . . . . . .	Number	 00000009h   
IDIGNORE . . . . . . . . . . . .	Number	 00000005h   
IDNO . . . . . . . . . . . . . .	Number	 00000007h   
IDOK . . . . . . . . . . . . . .	Number	 00000001h   
IDRETRY  . . . . . . . . . . . .	Number	 00000004h   
IDTIMEOUT  . . . . . . . . . . .	Number	 00007D00h   
IDTRYAGAIN . . . . . . . . . . .	Number	 0000000Ah   
IDYES  . . . . . . . . . . . . .	Number	 00000006h   
INVALID_HANDLE_VALUE . . . . . .	Number	 -00000001h   
KBDOWN_FLAG  . . . . . . . . . .	Number	 00000001h   
KEY_EVENT  . . . . . . . . . . .	Number	 00000001h   
KEY_MASKS  . . . . . . . . . . .	Number	 0000001Fh   
LEFT_ALT_PRESSED . . . . . . . .	Number	 00000002h   
LEFT_CTRL_PRESSED  . . . . . . .	Number	 00000008h   
LetrasDescubiertas . . . . . . .	DWord	 00000043 _DATA	
MB_ABORTRETRYIGNORE  . . . . . .	Number	 00000002h   
MB_APPLMODAL . . . . . . . . . .	Number	 00000000h   
MB_CANCELTRYCONTINUE . . . . . .	Number	 00000006h   
MB_DEFBUTTON1  . . . . . . . . .	Number	 00000000h   
MB_DEFBUTTON2  . . . . . . . . .	Number	 00000100h   
MB_DEFBUTTON3  . . . . . . . . .	Number	 00000200h   
MB_DEFBUTTON4  . . . . . . . . .	Number	 00000300h   
MB_HELP  . . . . . . . . . . . .	Number	 00004000h   
MB_ICONASTERISK  . . . . . . . .	Number	 00000040h   
MB_ICONERROR . . . . . . . . . .	Number	 00000010h   
MB_ICONEXCLAMATION . . . . . . .	Number	 00000030h   
MB_ICONHAND  . . . . . . . . . .	Number	 00000010h   
MB_ICONINFORMATION . . . . . . .	Number	 00000040h   
MB_ICONQUESTION  . . . . . . . .	Number	 00000020h   
MB_ICONSTOP  . . . . . . . . . .	Number	 00000010h   
MB_ICONWARNING . . . . . . . . .	Number	 00000030h   
MB_OKCANCEL  . . . . . . . . . .	Number	 00000001h   
MB_OK  . . . . . . . . . . . . .	Number	 00000000h   
MB_RETRYCANCEL . . . . . . . . .	Number	 00000005h   
MB_SYSTEMMODAL . . . . . . . . .	Number	 00001000h   
MB_TASKMODAL . . . . . . . . . .	Number	 00002000h   
MB_USERICON  . . . . . . . . . .	Number	 00000080h   
MB_YESNOCANCEL . . . . . . . . .	Number	 00000003h   
MB_YESNO . . . . . . . . . . . .	Number	 00000004h   
MENU_EVENT . . . . . . . . . . .	Number	 00000008h   
MOUSE_EVENT  . . . . . . . . . .	Number	 00000002h   
MessageBox . . . . . . . . . . .	Text   	 MessageBoxA
NULL . . . . . . . . . . . . . .	Number	 00000000h   
NUMLOCK_ON . . . . . . . . . . .	Number	 00000020h   
OPEN_ALWAYS  . . . . . . . . . .	Number	 00000004h   
OPEN_EXISTING  . . . . . . . . .	Number	 00000003h   
PeekConsoleInput . . . . . . . .	Text   	 PeekConsoleInputA
RIGHT_ALT_PRESSED  . . . . . . .	Number	 00000001h   
RIGHT_CTRL_PRESSED . . . . . . .	Number	 00000004h   
ReadConsoleInput . . . . . . . .	Text   	 ReadConsoleInputA
ReadConsole  . . . . . . . . . .	Text   	 ReadConsoleA
SCROLLLOCK_ON  . . . . . . . . .	Number	 00000040h   
SHIFT_MASK . . . . . . . . . . .	Number	 00000010h   
SHIFT_PRESSED  . . . . . . . . .	Number	 00000010h   
STD_ERROR_HANDLE . . . . . . . .	Number	 -0000000Ch   
STD_INPUT_HANDLE . . . . . . . .	Number	 -0000000Ah   
STD_OUTPUT_HANDLE  . . . . . . .	Number	 -0000000Bh   
SetConsoleTitle  . . . . . . . .	Text   	 SetConsoleTitleA
TAB  . . . . . . . . . . . . . .	Number	 00000009h   
TRUE . . . . . . . . . . . . . .	Number	 00000001h   
TRUNCATE_EXISTING  . . . . . . .	Number	 00000005h   
VK_11  . . . . . . . . . . . . .	Number	 000000BDh   
VK_12  . . . . . . . . . . . . .	Number	 000000BBh   
VK_ADD . . . . . . . . . . . . .	Number	 0000006Bh   
VK_BACK  . . . . . . . . . . . .	Number	 00000008h   
VK_CANCEL  . . . . . . . . . . .	Number	 00000003h   
VK_CAPITAL . . . . . . . . . . .	Number	 00000014h   
VK_CLEAR . . . . . . . . . . . .	Number	 0000000Ch   
VK_CONTROL . . . . . . . . . . .	Number	 00000011h   
VK_DECIMAL . . . . . . . . . . .	Number	 0000006Eh   
VK_DELETE  . . . . . . . . . . .	Number	 0000002Eh   
VK_DIVIDE  . . . . . . . . . . .	Number	 0000006Fh   
VK_DOWN  . . . . . . . . . . . .	Number	 00000028h   
VK_END . . . . . . . . . . . . .	Number	 00000023h   
VK_ESCAPE  . . . . . . . . . . .	Number	 0000001Bh   
VK_EXECUTE . . . . . . . . . . .	Number	 0000002Bh   
VK_F10 . . . . . . . . . . . . .	Number	 00000079h   
VK_F11 . . . . . . . . . . . . .	Number	 0000007Ah   
VK_F12 . . . . . . . . . . . . .	Number	 0000007Bh   
VK_F13 . . . . . . . . . . . . .	Number	 0000007Ch   
VK_F14 . . . . . . . . . . . . .	Number	 0000007Dh   
VK_F15 . . . . . . . . . . . . .	Number	 0000007Eh   
VK_F16 . . . . . . . . . . . . .	Number	 0000007Fh   
VK_F17 . . . . . . . . . . . . .	Number	 00000080h   
VK_F18 . . . . . . . . . . . . .	Number	 00000081h   
VK_F19 . . . . . . . . . . . . .	Number	 00000082h   
VK_F1  . . . . . . . . . . . . .	Number	 00000070h   
VK_F20 . . . . . . . . . . . . .	Number	 00000083h   
VK_F21 . . . . . . . . . . . . .	Number	 00000084h   
VK_F22 . . . . . . . . . . . . .	Number	 00000085h   
VK_F23 . . . . . . . . . . . . .	Number	 00000086h   
VK_F24 . . . . . . . . . . . . .	Number	 00000087h   
VK_F2  . . . . . . . . . . . . .	Number	 00000071h   
VK_F3  . . . . . . . . . . . . .	Number	 00000072h   
VK_F4  . . . . . . . . . . . . .	Number	 00000073h   
VK_F5  . . . . . . . . . . . . .	Number	 00000074h   
VK_F6  . . . . . . . . . . . . .	Number	 00000075h   
VK_F7  . . . . . . . . . . . . .	Number	 00000076h   
VK_F8  . . . . . . . . . . . . .	Number	 00000077h   
VK_F9  . . . . . . . . . . . . .	Number	 00000078h   
VK_HELP  . . . . . . . . . . . .	Number	 0000002Fh   
VK_HOME  . . . . . . . . . . . .	Number	 00000024h   
VK_INSERT  . . . . . . . . . . .	Number	 0000002Dh   
VK_LBUTTON . . . . . . . . . . .	Number	 00000001h   
VK_LCONTROL  . . . . . . . . . .	Number	 000000A2h   
VK_LEFT  . . . . . . . . . . . .	Number	 00000025h   
VK_LMENU . . . . . . . . . . . .	Number	 000000A4h   
VK_LSHIFT  . . . . . . . . . . .	Number	 000000A0h   
VK_MENU  . . . . . . . . . . . .	Number	 00000012h   
VK_MULTIPLY  . . . . . . . . . .	Number	 0000006Ah   
VK_NEXT  . . . . . . . . . . . .	Number	 00000022h   
VK_NUMLOCK . . . . . . . . . . .	Number	 00000090h   
VK_NUMPAD0 . . . . . . . . . . .	Number	 00000060h   
VK_NUMPAD1 . . . . . . . . . . .	Number	 00000061h   
VK_NUMPAD2 . . . . . . . . . . .	Number	 00000062h   
VK_NUMPAD3 . . . . . . . . . . .	Number	 00000063h   
VK_NUMPAD4 . . . . . . . . . . .	Number	 00000064h   
VK_NUMPAD5 . . . . . . . . . . .	Number	 00000065h   
VK_NUMPAD6 . . . . . . . . . . .	Number	 00000066h   
VK_NUMPAD7 . . . . . . . . . . .	Number	 00000067h   
VK_NUMPAD8 . . . . . . . . . . .	Number	 00000068h   
VK_NUMPAD9 . . . . . . . . . . .	Number	 00000069h   
VK_PAUSE . . . . . . . . . . . .	Number	 00000013h   
VK_PRINT . . . . . . . . . . . .	Number	 0000002Ah   
VK_PRIOR . . . . . . . . . . . .	Number	 00000021h   
VK_RBUTTON . . . . . . . . . . .	Number	 00000002h   
VK_RCONTROL  . . . . . . . . . .	Number	 000000A3h   
VK_RETURN  . . . . . . . . . . .	Number	 0000000Dh   
VK_RIGHT . . . . . . . . . . . .	Number	 00000027h   
VK_RMENU . . . . . . . . . . . .	Number	 000000A5h   
VK_RSHIFT  . . . . . . . . . . .	Number	 000000A1h   
VK_SCROLL  . . . . . . . . . . .	Number	 00000091h   
VK_SEPARATER . . . . . . . . . .	Number	 0000006Ch   
VK_SHIFT . . . . . . . . . . . .	Number	 00000010h   
VK_SNAPSHOT  . . . . . . . . . .	Number	 0000002Ch   
VK_SPACE . . . . . . . . . . . .	Number	 00000020h   
VK_SUBTRACT  . . . . . . . . . .	Number	 0000006Dh   
VK_TAB . . . . . . . . . . . . .	Number	 00000009h   
VK_UP  . . . . . . . . . . . . .	Number	 00000026h   
Vidas  . . . . . . . . . . . . .	DWord	 0000003B _DATA	
WINDOW_BUFFER_SIZE_EVENT . . . .	Number	 00000004h   
WriteConsoleOutputCharacter  . .	Text   	 WriteConsoleOutputCharacterA
WriteConsole . . . . . . . . . .	Text   	 WriteConsoleA
black  . . . . . . . . . . . . .	Number	 00000000h   
blue . . . . . . . . . . . . . .	Number	 00000001h   
brown  . . . . . . . . . . . . .	Number	 00000006h   
contador . . . . . . . . . . . .	DWord	 0000003F _DATA	
cyan . . . . . . . . . . . . . .	Number	 00000003h   
exit . . . . . . . . . . . . . .	Text   	 INVOKE ExitProcess,0
gray . . . . . . . . . . . . . .	Number	 00000008h   
green  . . . . . . . . . . . . .	Number	 00000002h   
lightBlue  . . . . . . . . . . .	Number	 00000009h   
lightCyan  . . . . . . . . . . .	Number	 0000000Bh   
lightGray  . . . . . . . . . . .	Number	 00000007h   
lightGreen . . . . . . . . . . .	Number	 0000000Ah   
lightMagenta . . . . . . . . . .	Number	 0000000Dh   
lightRed . . . . . . . . . . . .	Number	 0000000Ch   
magenta  . . . . . . . . . . . .	Number	 00000005h   
palabraEscondida . . . . . . . .	Byte	 0000004B _DATA	
palabraSeleccionada  . . . . . .	Byte	 0000002C _DATA	
palabras_arreglo . . . . . . . .	Byte	 00000000 _DATA	
red  . . . . . . . . . . . . . .	Number	 00000004h   
white  . . . . . . . . . . . . .	Number	 0000000Fh   
wsprintf . . . . . . . . . . . .	Text   	 wsprintfA
yellow . . . . . . . . . . . . .	Number	 0000000Eh   

	   0 Warnings
	   36 Errors
